2025-10-24T02:07:55 exception: Failed to open "/Users/eric/.config/mpd/mpdstate": No such file or directory
2025-10-24T02:07:55 config: inotify: auto_update was disabled. enable during compilation phase
2025-10-24T02:54:04 update: added coldplay/Coldplay Late Night Drive Songs.mp3
2025-10-24T02:54:13 update: updating coldplay/Coldplay Late Night Drive Songs.mp3
2025-10-24T02:54:14 update: updating coldplay/Coldplay Late Night Drive Songs.mp3
2025-10-24T02:54:14 update: updating coldplay/Coldplay Late Night Drive Songs.mp3
2025-10-24T02:55:16 update: updating coldplay/Coldplay Late Night Drive Songs.mp3
2025-10-24T02:56:16 update: updating coldplay/Coldplay Late Night Drive Songs.mp3
2025-10-24T03:07:13 update: added /Mann-Doss-x-M-Fatt---MISERY-(Official-Audio)_1_1.mp3
2025-10-24T03:07:20 update: updating coldplay/Coldplay Late Night Drive Songs.mp3
2025-10-24T03:07:20 update: updating /Mann-Doss-x-M-Fatt---MISERY-(Official-Audio)_1_1.mp3
2025-10-24T03:07:24 update: updating coldplay/Coldplay Late Night Drive Songs.mp3
2025-10-24T03:07:24 update: updating /Mann-Doss-x-M-Fatt---MISERY-(Official-Audio)_1_1.mp3
2025-10-24T03:07:37 update: updating coldplay/Coldplay Late Night Drive Songs.mp3
2025-10-24T03:07:37 update: updating /Mann-Doss-x-M-Fatt---MISERY-(Official-Audio)_1_1.mp3
2025-10-24T03:07:55 player: played "coldplay/Coldplay Late Night Drive Songs.mp3"
2025-10-24T03:07:59 update: updating coldplay/Coldplay Late Night Drive Songs.mp3
2025-10-24T03:07:59 update: updating /Mann-Doss-x-M-Fatt---MISERY-(Official-Audio)_1_1.mp3
2025-10-24T03:08:18 update: added Mann-Doss/Mann-Doss-x-M-Fatt---MISERY-(Official-Audio)_1_1.mp3
2025-10-24T03:08:18 update: removing Mann-Doss-x-M-Fatt---MISERY-(Official-Audio)_1_1.mp3
2025-10-24T03:08:19 update: updating Mann-Doss/Mann-Doss-x-M-Fatt---MISERY-(Official-Audio)_1_1.mp3
2025-10-24T03:08:19 update: updating coldplay/Coldplay Late Night Drive Songs.mp3
2025-10-24T03:08:39 update: updating Mann-Doss/Mann-Doss-x-M-Fatt---MISERY-(Official-Audio)_1_1.mp3
2025-10-24T03:08:39 update: updating coldplay/Coldplay Late Night Drive Songs.mp3
2025-10-24T03:09:07 update: updating Mann-Doss/Mann-Doss-x-M-Fatt---MISERY-(Official-Audio)_1_1.mp3
2025-10-24T03:09:07 update: updating coldplay/Coldplay Late Night Drive Songs.mp3
2025-10-24T03:09:08 update: updating Mann-Doss/Mann-Doss-x-M-Fatt---MISERY-(Official-Audio)_1_1.mp3
2025-10-24T03:09:08 update: updating coldplay/Coldplay Late Night Drive Songs.mp3
2025-10-24T03:09:08 update: updating Mann-Doss/Mann-Doss-x-M-Fatt---MISERY-(Official-Audio)_1_1.mp3
2025-10-24T03:09:08 update: updating coldplay/Coldplay Late Night Drive Songs.mp3
2025-10-24T03:09:08 update: updating Mann-Doss/Mann-Doss-x-M-Fatt---MISERY-(Official-Audio)_1_1.mp3
2025-10-24T03:09:08 update: updating coldplay/Coldplay Late Night Drive Songs.mp3
2025-10-24T03:09:41 update: updating Mann-Doss/Mann-Doss-x-M-Fatt---MISERY-(Official-Audio)_1_1.mp3
2025-10-24T03:09:41 update: updating coldplay/Coldplay Late Night Drive Songs.mp3
2025-10-24T03:10:00 update: updating Mann-Doss/Mann-Doss-x-M-Fatt---MISERY-(Official-Audio)_1_1.mp3
2025-10-24T03:10:00 update: updating coldplay/Coldplay Late Night Drive Songs.mp3
2025-10-24T03:10:03 update: updating Mann-Doss/Mann-Doss-x-M-Fatt---MISERY-(Official-Audio)_1_1.mp3
2025-10-24T03:10:03 update: updating coldplay/Coldplay Late Night Drive Songs.mp3
2025-10-24T03:10:03 update: updating Mann-Doss/Mann-Doss-x-M-Fatt---MISERY-(Official-Audio)_1_1.mp3
2025-10-24T03:10:03 update: updating coldplay/Coldplay Late Night Drive Songs.mp3
2025-10-24T03:10:03 update: updating Mann-Doss/Mann-Doss-x-M-Fatt---MISERY-(Official-Audio)_1_1.mp3
2025-10-24T03:10:03 update: updating coldplay/Coldplay Late Night Drive Songs.mp3
2025-10-24T03:10:04 update: updating Mann-Doss/Mann-Doss-x-M-Fatt---MISERY-(Official-Audio)_1_1.mp3
2025-10-24T03:10:04 update: updating coldplay/Coldplay Late Night Drive Songs.mp3
2025-10-24T03:10:09 update: updating Mann-Doss/Mann-Doss-x-M-Fatt---MISERY-(Official-Audio)_1_1.mp3
2025-10-24T03:10:09 update: updating coldplay/Coldplay Late Night Drive Songs.mp3
2025-10-24T03:10:46 update: updating Mann-Doss/Mann-Doss-x-M-Fatt---MISERY-(Official-Audio)_1_1.mp3
2025-10-24T03:10:46 update: updating coldplay/Coldplay Late Night Drive Songs.mp3
2025-10-24T03:10:47 player: played "coldplay/Coldplay Late Night Drive Songs.mp3"
2025-10-24T03:14:03 player: played "Mann-Doss/Mann-Doss-x-M-Fatt---MISERY-(Official-Audio)_1_1.mp3"
2025-10-24T03:17:04 player: played "Mann-Doss/Mann-Doss-x-M-Fatt---MISERY-(Official-Audio)_1_1.mp3"
2025-10-24T03:18:49 update: updating Mann-Doss/Mann-Doss-x-M-Fatt---MISERY-(Official-Audio)_1_1.mp3
2025-10-24T03:18:49 update: updating coldplay/Coldplay Late Night Drive Songs.mp3
2025-10-24T03:18:49 update: updating Mann-Doss/Mann-Doss-x-M-Fatt---MISERY-(Official-Audio)_1_1.mp3
2025-10-24T03:18:49 update: updating coldplay/Coldplay Late Night Drive Songs.mp3
2025-10-24T03:18:49 update: updating Mann-Doss/Mann-Doss-x-M-Fatt---MISERY-(Official-Audio)_1_1.mp3
2025-10-24T03:18:49 update: updating coldplay/Coldplay Late Night Drive Songs.mp3
2025-10-24T03:18:51 update: updating Mann-Doss/Mann-Doss-x-M-Fatt---MISERY-(Official-Audio)_1_1.mp3
2025-10-24T03:18:51 update: updating coldplay/Coldplay Late Night Drive Songs.mp3
2025-10-24T03:20:05 player: played "Mann-Doss/Mann-Doss-x-M-Fatt---MISERY-(Official-Audio)_1_1.mp3"
2025-10-24T03:20:32 update: updating Mann-Doss/Mann-Doss-x-M-Fatt---MISERY-(Official-Audio)_1_1.mp3
2025-10-24T03:20:32 update: updating coldplay/Coldplay Late Night Drive Songs.mp3
2025-10-24T03:20:43 player: played "Mann-Doss/Mann-Doss-x-M-Fatt---MISERY-(Official-Audio)_1_1.mp3"
2025-10-26T23:50:34 config: inotify: auto_update was disabled. enable during compilation phase
2025-10-26T23:51:58 player: played "Mann-Doss/Mann-Doss-x-M-Fatt---MISERY-(Official-Audio)_1_1.mp3"
2025-10-27T21:15:57 update: updating Mann-Doss/Mann-Doss-x-M-Fatt---MISERY-(Official-Audio)_1_1.mp3
2025-10-27T21:15:57 update: updating coldplay/Coldplay Late Night Drive Songs.mp3
2025-10-27T21:16:07 update: updating Mann-Doss/Mann-Doss-x-M-Fatt---MISERY-(Official-Audio)_1_1.mp3
2025-10-27T21:16:07 update: updating coldplay/Coldplay Late Night Drive Songs.mp3
2025-10-27T21:16:10 update: updating Mann-Doss/Mann-Doss-x-M-Fatt---MISERY-(Official-Audio)_1_1.mp3
2025-10-27T21:16:10 update: updating coldplay/Coldplay Late Night Drive Songs.mp3
2025-10-27T21:16:10 update: updating Mann-Doss/Mann-Doss-x-M-Fatt---MISERY-(Official-Audio)_1_1.mp3
2025-10-27T21:16:10 update: updating coldplay/Coldplay Late Night Drive Songs.mp3
2025-10-27T21:17:54 update: updating Mann-Doss/Mann-Doss-x-M-Fatt---MISERY-(Official-Audio)_1_1.mp3
2025-10-27T21:17:54 update: updating coldplay/Coldplay Late Night Drive Songs.mp3
2025-10-27T21:17:54 update: updating Mann-Doss/Mann-Doss-x-M-Fatt---MISERY-(Official-Audio)_1_1.mp3
2025-10-27T21:17:54 update: updating coldplay/Coldplay Late Night Drive Songs.mp3
2025-10-27T21:20:32 update: removing Mann-Doss/Mann-Doss-x-M-Fatt---MISERY-(Official-Audio)_1_1.mp3
2025-10-27T21:20:32 update: removing coldplay/Coldplay Late Night Drive Songs.mp3
2025-10-27T21:27:22 config: inotify: auto_update was disabled. enable during compilation phase
2025-10-27T21:27:57 config: inotify: auto_update was disabled. enable during compilation phase
2025-10-27T21:28:10 update: added Charlie/Charlie Puth - One Call Away [Official Video].m4a
2025-10-27T21:32:16 player: played "Charlie/Charlie Puth - One Call Away [Official Video].m4a"
2025-10-27T21:36:18 player: played "Charlie/Charlie Puth - One Call Away [Official Video].m4a"
2025-10-27T21:36:35 player: played "Charlie/Charlie Puth - One Call Away [Official Video].m4a"
2025-10-27T21:43:08 update: added /Titanic • My Heart Will Go On • Celine Dion.m4a
2025-10-27T21:43:09 update: updating Charlie/Charlie Puth - One Call Away [Official Video].m4a
2025-10-27T21:43:09 update: updating /Titanic • My Heart Will Go On • Celine Dion.m4a
2025-10-27T21:43:10 update: updating Charlie/Charlie Puth - One Call Away [Official Video].m4a
2025-10-27T21:43:10 update: updating /Titanic • My Heart Will Go On • Celine Dion.m4a
2025-10-27T21:43:10 update: updating Charlie/Charlie Puth - One Call Away [Official Video].m4a
2025-10-27T21:43:10 update: updating /Titanic • My Heart Will Go On • Celine Dion.m4a
2025-10-27T21:44:19 update: added /Titanic • My Heart Will Go On • Celine Dion.mp4
2025-10-27T21:44:19 update: updating /Titanic • My Heart Will Go On • Celine Dion.mp4
2025-10-27T21:44:19 update: updating Charlie/Charlie Puth - One Call Away [Official Video].m4a
2025-10-27T21:44:19 update: updating /Titanic • My Heart Will Go On • Celine Dion.m4a
2025-10-27T21:44:22 update: updating /Titanic • My Heart Will Go On • Celine Dion.mp4
2025-10-27T21:44:22 update: updating Charlie/Charlie Puth - One Call Away [Official Video].m4a
2025-10-27T21:44:22 update: updating /Titanic • My Heart Will Go On • Celine Dion.m4a
2025-10-27T21:44:42 player: played "Charlie/Charlie Puth - One Call Away [Official Video].m4a"
2025-10-27T21:44:55 player: played "Titanic • My Heart Will Go On • Celine Dion.m4a"
2025-10-27T21:46:10 player: played "Titanic • My Heart Will Go On • Celine Dion.m4a"
2025-10-27T21:46:15 player: played "Titanic • My Heart Will Go On • Celine Dion.m4a"
2025-10-27T21:46:18 player: played "Titanic • My Heart Will Go On • Celine Dion.m4a"
2025-10-27T21:57:14 update: added /Ed Sheeran - Dive [Official Audio].m4a
2025-10-27T21:57:14 update: removing Titanic • My Heart Will Go On • Celine Dion.m4a
2025-10-27T21:58:08 player: played "Ed Sheeran - Dive [Official Audio].m4a"
2025-10-27T21:58:13 player: played "Ed Sheeran - Dive [Official Audio].m4a"
2025-10-27T21:58:20 player: played "Ed Sheeran - Dive [Official Audio].m4a"
2025-10-27T21:59:32 player: played "Ed Sheeran - Dive [Official Audio].m4a"
